🚀 Starting ML API Server (Realistic Road Mode)...
📊 Available endpoints:
   POST /api/risk-score - Get dynamic risk score
   POST /api/optimize-route - Get optimized route with realistic roads
   GET /api/crime-trends - Get crime trends
   POST /api/route-update - Get route updates
   GET /api/health - Health check
🚀 Server starting on http://localhost:8000
 * Serving Flask app 'ml_api_server_fast'
 * Debug mode: on
WARNING: This is a development server. Do not use it in a production deployment. Use a production WSGI server instead.
 * Running on all addresses (0.0.0.0)
 * Running on http://127.0.0.1:8000
 * Running on http://192.168.31.245:8000
Press CTRL+C to quit
 * Restarting with watchdog (fsevents)
 * Debugger is active!
 * Debugger PIN: 140-982-015
/opt/anaconda3/lib/python3.13/multiprocessing/resource_tracker.py:301: UserWarning: resource_tracker: There appear to be 1 leaked semaphore objects to clean up at shutdown: {'/mp-tysxb2_t'}
  warnings.warn(
/opt/anaconda3/lib/python3.13/multiprocessing/resource_tracker.py:301: UserWarning: resource_tracker: There appear to be 1 leaked semaphore objects to clean up at shutdown: {'/mp-wsn6b55j'}
  warnings.warn(
